[debug] [2024-12-16T02:40:32.332Z] ----------------------------------------------------------------------
[debug] [2024-12-16T02:40:32.334Z] Command:       C:\Program Files\nodejs\node.exe C:\Users\lw200\AppData\Roaming\npm\node_modules\firebase-tools\lib\bin\firebase.js deploy
[debug] [2024-12-16T02:40:32.334Z] CLI Version:   13.0.2
[debug] [2024-12-16T02:40:32.334Z] Platform:      win32
[debug] [2024-12-16T02:40:32.335Z] Node Version:  v18.13.0
[debug] [2024-12-16T02:40:32.339Z] Time:          Sun Dec 15 2024 21:40:32 GMT-0500 (Eastern Standard Time)
[debug] [2024-12-16T02:40:32.339Z] ----------------------------------------------------------------------
[debug] 
[debug] [2024-12-16T02:40:32.399Z] > command requires scopes: ["email","openid","https://www.googleapis.com/auth/cloudplatformprojects.readonly","https://www.googleapis.com/auth/firebase","https://www.googleapis.com/auth/cloud-platform"]
[debug] [2024-12-16T02:40:32.399Z] > authorizing via signed-in user (leiwuhoo@gmail.com)
[debug] [2024-12-16T02:40:32.399Z] [iam] checking project laywuweb for permissions ["firebase.projects.get","firebasehosting.sites.update"]
[debug] [2024-12-16T02:40:32.400Z] > refreshing access token with scopes: []
[debug] [2024-12-16T02:40:32.402Z] >>> [apiv2][query] POST https://www.googleapis.com/oauth2/v3/token [none]
[debug] [2024-12-16T02:40:32.402Z] >>> [apiv2][body] POST https://www.googleapis.com/oauth2/v3/token [omitted]
[debug] [2024-12-16T02:40:32.652Z] <<< [apiv2][status] POST https://www.googleapis.com/oauth2/v3/token 400
[debug] [2024-12-16T02:40:32.653Z] <<< [apiv2][body] POST https://www.googleapis.com/oauth2/v3/token [omitted]
[debug] [2024-12-16T02:40:32.653Z] >>> [apiv2][query] POST https://cloudresourcemanager.googleapis.com/v1/projects/laywuweb:testIamPermissions [none]
[debug] [2024-12-16T02:40:32.653Z] >>> [apiv2][(partial)header] POST https://cloudresourcemanager.googleapis.com/v1/projects/laywuweb:testIamPermissions x-goog-quota-user=projects/laywuweb
[debug] [2024-12-16T02:40:32.653Z] >>> [apiv2][body] POST https://cloudresourcemanager.googleapis.com/v1/projects/laywuweb:testIamPermissions {"permissions":["firebase.projects.get","firebasehosting.sites.update"]}
[debug] [2024-12-16T02:40:33.001Z] <<< [apiv2][status] POST https://cloudresourcemanager.googleapis.com/v1/projects/laywuweb:testIamPermissions 401
[debug] [2024-12-16T02:40:33.001Z] <<< [apiv2][body] POST https://cloudresourcemanager.googleapis.com/v1/projects/laywuweb:testIamPermissions {"error":{"code":401,"message":"Request had invalid authentication credentials. Expected OAuth 2 access token, login cookie or other valid authentication credential. See https://developers.google.com/identity/sign-in/web/devconsole-project.","status":"UNAUTHENTICATED","details":[{"@type":"type.googleapis.com/google.rpc.ErrorInfo","reason":"ACCESS_TOKEN_TYPE_UNSUPPORTED","metadata":{"service":"cloudresourcemanager.googleapis.com","method":"google.cloudresourcemanager.v1.Projects.TestIamPermissions"}}]}}
[debug] [2024-12-16T02:40:33.002Z] [iam] error while checking permissions, command may fail: FirebaseError: HTTP Error: 401, Request had invalid authentication credentials. Expected OAuth 2 access token, login cookie or other valid authentication credential. See https://developers.google.com/identity/sign-in/web/devconsole-project.
[debug] [2024-12-16T02:40:33.002Z] > refreshing access token with scopes: []
[debug] [2024-12-16T02:40:33.002Z] >>> [apiv2][query] POST https://www.googleapis.com/oauth2/v3/token [none]
[debug] [2024-12-16T02:40:33.002Z] >>> [apiv2][body] POST https://www.googleapis.com/oauth2/v3/token [omitted]
[debug] [2024-12-16T02:40:33.205Z] <<< [apiv2][status] POST https://www.googleapis.com/oauth2/v3/token 400
[debug] [2024-12-16T02:40:33.206Z] <<< [apiv2][body] POST https://www.googleapis.com/oauth2/v3/token [omitted]
[debug] [2024-12-16T02:40:33.206Z] >>> [apiv2][query] GET https://firebase.googleapis.com/v1beta1/projects/laywuweb [none]
[debug] [2024-12-16T02:40:33.426Z] <<< [apiv2][status] GET https://firebase.googleapis.com/v1beta1/projects/laywuweb 401
[debug] [2024-12-16T02:40:33.427Z] <<< [apiv2][body] GET https://firebase.googleapis.com/v1beta1/projects/laywuweb {"error":{"code":401,"message":"Request had invalid authentication credentials. Expected OAuth 2 access token, login cookie or other valid authentication credential. See https://developers.google.com/identity/sign-in/web/devconsole-project.","status":"UNAUTHENTICATED"}}
[debug] [2024-12-16T02:40:33.427Z] HTTP Error: 401, Request had invalid authentication credentials. Expected OAuth 2 access token, login cookie or other valid authentication credential. See https://developers.google.com/identity/sign-in/web/devconsole-project.
[error] 
[error] Error: Assertion failed: resolving hosting target of a site with no site name or target name. This should have caused an error earlier
